#
# There is insufficient memory for the Java Runtime Environment to continue.
# Native memory allocation (mmap) failed to map 268435456 bytes. Error detail: G1 virtual space
# Possible reasons:
#   The system is out of physical RAM or swap space
#   This process is running with CompressedOops enabled, and the Java Heap may be blocking the growth of the native heap
# Possible solutions:
#   Reduce memory load on the system
#   Increase physical memory or swap space
#   Check if swap backing store is full
#   Decrease Java heap size (-Xmx/-Xms)
#   Decrease number of Java threads
#   Decrease Java thread stack sizes (-Xss)
#   Set larger code cache with -XX:ReservedCodeCacheSize=
#   JVM is running with Zero Based Compressed Oops mode in which the Java heap is
#     placed in the first 32GB address space. The Java Heap base address is the
#     maximum limit for the native heap growth. Please use -XX:HeapBaseMinAddress
#     to set the Java Heap base and to place the Java Heap above 32GB virtual address.
# This output file may be truncated or incomplete.
#
#  Out of Memory Error (os_windows.cpp:3825), pid=19740, tid=11056
#
# JRE version:  (17.0.11+1) (build )
# Java VM: OpenJDK 64-Bit Server VM (17.0.11+1-b1207.24, mixed mode, sharing, tiered, compressed oops, compressed class ptrs, g1 gc, windows-amd64)
# No core dump will be written. Minidumps are not enabled by default on client versions of Windows
#

---------------  S U M M A R Y ------------

Command Line: git4idea.http.GitAskPassApp Username for 'https://github.com': 

Host: AMD Ryzen 5 2600 Six-Core Processor            , 12 cores, 15G,  Windows 10 , 64 bit Build 19041 (10.0.19041.5198)
Time: Thu Feb 20 18:36:13 2025 RTZ 2 (s 10 , 64 bit Build 19041 (10.0.19041.5198) elapsed time: 0.009732 seconds (0d 0h 0m 0s)

---------------  T H R E A D  ---------------

Current thread (0x000001afa9db26a0):  JavaThread "Unknown thread" [_thread_in_vm, id=11056, stack(0x000000a16f900000,0x000000a16fa00000)]

Stack: [0x000000a16f900000,0x000000a16fa00000]
Native frames: (J=compiled Java code, j=interpreted, Vv=VM code, C=native code)
V  [jvm.dll+0x6877f9]
V  [jvm.dll+0x8411aa]
V  [jvm.dll+0x842e2e]
V  [jvm.dll+0x843493]
V  [jvm.dll+0x249fdf]
V  [jvm.dll+0x6845c9]
V  [jvm.dll+0x678e7a]
V  [jvm.dll+0x30ab4b]
V  [jvm.dll+0x311ff6]
V  [jvm.dll+0x361a5e]
V  [jvm.dll+0x361c8f]
V  [jvm.dll+0x2e0978]
V  [jvm.dll+0x2e18e4]
V  [jvm.dll+0x811c71]
V  [jvm.dll+0x36f7c8]
V  [jvm.dll+0x7f05f6]
V  [jvm.dll+0x3f398f]
V  [jvm.dll+0x3f5541]
C  [jli.dll+0x528f]
C  [ucrtbase.dll+0x21bb2]
C  [KERNEL32.DLL+0x17374]
C  [ntdll.dll+0x4cc91]


---------------  P R O C E S S  ---------------

Threads class SMR info:
_java_thread_list=0x00007ff9be33efd8, length=0, elements={
}

Java Threads: ( => current thread )

Other Threads:
  0x000001afa9e1d250 GCTaskThread "GC Thread#0" [stack: 0x000000a16fa00000,0x000000a16fb00000] [id=18660]
  0x000001afa9e2e0e0 ConcurrentGCThread "G1 Main Marker" [stack: 0x000000a16fb00000,0x000000a16fc00000] [id=19496]
  0x000001afa9e2f2a0 ConcurrentGCThread "G1 Conc#0" [stack: 0x000000a16fc00000,0x000000a16fd00000] [id=7832]

[error occurred during error reporting (printing all threads), id 0xc0000005, EXCEPTION_ACCESS_VIOLATION (0xc0000005) at pc=0x00007ff9bdaf1547]

VM state: not at safepoint (not fully initialized)

VM Mutex/Monitor currently owned by a thread:  ([mutex/lock_event])
[0x000001afa9dac630] Heap_lock - owner thread: 0x000001afa9db26a0

Heap address: 0x0000000700c00000, size: 4084 MB, Compressed Oops mode: Zero based, Oop shift amount: 3

CDS archive(s) mapped at: [0x0000000000000000-0x0000000000000000-0x0000000000000000), size 0, SharedBaseAddress: 0x0000000800000000, ArchiveRelocationMode: 1.
Narrow klass base: 0x0000000000000000, Narrow klass shift: 0, Narrow klass range: 0x0

GC Precious Log:
<Empty>

Heap:
 garbage-first heap   total 0K, used 0K [0x0000000700c00000, 0x0000000800000000)
  region size 2048K, 0 young (0K), 0 survivors (0K)
 Metaspace       used 0K, committed 0K, reserved 0K
  class space    used 0K, committed 0K, reserved 0K

Heap Regions: E=young(eden), S=young(survivor), O=old, HS=humongous(starts), HC=humongous(continues), CS=collection set, F=free, OA=open archive, CA=closed archive, TAMS=top-at-mark-start (previous, next)

Card table byte_map: [0x000001afbf1f0000,0x000001afbf9f0000] _byte_map_base: 0x000001afbb9ea000

Marking Bits (Prev, Next): (CMBitMap*) 0x000001afa9e1d870, (CMBitMap*) 0x000001afa9e1d8b0
 Prev Bits: [0x000001afc01f0000, 0x000001afc41c0000)
 Next Bits: [0x000001afc41c0000, 0x000001afc8190000)

GC Heap History (0 events):
No events

Dll operation events (1 events):
Event: 0.006 Loaded shared library C:\Program Files\JetBrains\IntelliJ IDEA Community Edition 2024.1.4\jbr\bin\java.dll

Deoptimization events (0 events):
No events

Classes unloaded (0 events):
No events

Classes redefined (0 events):
No events

Internal exceptions (0 events):
No events

VM Operations (0 events):
No events

Events (0 events):
No events


Dynamic libraries:
0x00007ff6647f0000 - 0x00007ff6647fa000 	C:\Program Files\JetBrains\IntelliJ IDEA Community Edition 2024.1.4\jbr\bin\java.exe
0x00007ffa0b270000 - 0x00007ffa0b468000 	C:\WINDOWS\SYSTEM32\ntdll.dll
0x00007ffa0a7f0000 - 0x00007ffa0a8b2000 	C:\WINDOWS\System32\KERNEL32.DLL
0x00007ffa08c30000 - 0x00007ffa08f2f000 	C:\WINDOWS\System32\KERNELBASE.dll
0x00007ffa08f30000 - 0x00007ffa09030000 	C:\WINDOWS\System32\ucrtbase.dll
0x00007ff9e5980000 - 0x00007ff9e5997000 	C:\Program Files\JetBrains\IntelliJ IDEA Community Edition 2024.1.4\jbr\bin\jli.dll
0x00007ffa099a0000 - 0x00007ffa09b3d000 	C:\WINDOWS\System32\USER32.dll
0x00007ff9e01c0000 - 0x00007ff9e01db000 	C:\Program Files\JetBrains\IntelliJ IDEA Community Edition 2024.1.4\jbr\bin\VCRUNTIME140.dll
0x00007ffa08900000 - 0x00007ffa08922000 	C:\WINDOWS\System32\win32u.dll
0x00007ff9eecb0000 - 0x00007ff9eef4a000 	C:\WINDOWS\WinSxS\amd64_microsoft.windows.common-controls_6595b64144ccf1df_6.0.19041.4355_none_60b8b9eb71f62e16\COMCTL32.dll
0x00007ffa0b200000 - 0x00007ffa0b22b000 	C:\WINDOWS\System32\GDI32.dll
0x00007ffa09c00000 - 0x00007ffa09c9e000 	C:\WINDOWS\System32\msvcrt.dll
0x00007ffa08b10000 - 0x00007ffa08c27000 	C:\WINDOWS\System32\gdi32full.dll
0x00007ffa090a0000 - 0x00007ffa0913d000 	C:\WINDOWS\System32\msvcp_win.dll
0x00007ffa0a060000 - 0x00007ffa0a08f000 	C:\WINDOWS\System32\IMM32.DLL
0x00007ff9ed200000 - 0x00007ff9ed20c000 	C:\Program Files\JetBrains\IntelliJ IDEA Community Edition 2024.1.4\jbr\bin\vcruntime140_1.dll
0x00007ff9d9100000 - 0x00007ff9d918d000 	C:\Program Files\JetBrains\IntelliJ IDEA Community Edition 2024.1.4\jbr\bin\msvcp140.dll
0x00007ff9bd800000 - 0x00007ff9be483000 	C:\Program Files\JetBrains\IntelliJ IDEA Community Edition 2024.1.4\jbr\bin\server\jvm.dll
0x00007ffa09b40000 - 0x00007ffa09bf1000 	C:\WINDOWS\System32\ADVAPI32.dll
0x00007ffa09550000 - 0x00007ffa095ef000 	C:\WINDOWS\System32\sechost.dll
0x00007ffa0a230000 - 0x00007ffa0a353000 	C:\WINDOWS\System32\RPCRT4.dll
0x00007ffa08930000 - 0x00007ffa08957000 	C:\WINDOWS\System32\bcrypt.dll
0x00007ffa08760000 - 0x00007ffa087ab000 	C:\WINDOWS\SYSTEM32\POWRPROF.dll
0x00007ff9fffb0000 - 0x00007ff9fffd7000 	C:\WINDOWS\SYSTEM32\WINMM.dll
0x00007ff9f7170000 - 0x00007ff9f7179000 	C:\WINDOWS\SYSTEM32\WSOCK32.dll
0x00007ffa096c0000 - 0x00007ffa0972b000 	C:\WINDOWS\System32\WS2_32.dll
0x00007ffa01c00000 - 0x00007ffa01c0a000 	C:\WINDOWS\SYSTEM32\VERSION.dll
0x00007ffa08740000 - 0x00007ffa08752000 	C:\WINDOWS\SYSTEM32\UMPDC.dll
0x00007ffa067a0000 - 0x00007ffa067b2000 	C:\WINDOWS\SYSTEM32\kernel.appcore.dll
0x00007ffa05c00000 - 0x00007ffa05c0a000 	C:\Program Files\JetBrains\IntelliJ IDEA Community Edition 2024.1.4\jbr\bin\jimage.dll
0x00007ff9fe830000 - 0x00007ff9fea14000 	C:\WINDOWS\SYSTEM32\DBGHELP.DLL
0x00007ff9f97a0000 - 0x00007ff9f97d4000 	C:\WINDOWS\SYSTEM32\dbgcore.DLL
0x00007ffa091f0000 - 0x00007ffa09272000 	C:\WINDOWS\System32\bcryptPrimitives.dll
0x00007ff9fbc50000 - 0x00007ff9fbc75000 	C:\Program Files\JetBrains\IntelliJ IDEA Community Edition 2024.1.4\jbr\bin\java.dll

dbghelp: loaded successfully - version: 4.0.5 - missing functions: none
symbol engine: initialized successfully - sym options: 0x614 - pdb path: .;C:\Program Files\JetBrains\IntelliJ IDEA Community Edition 2024.1.4\jbr\bin;C:\WINDOWS\SYSTEM32;C:\WINDOWS\WinSxS\amd64_microsoft.windows.common-controls_6595b64144ccf1df_6.0.19041.4355_none_60b8b9eb71f62e16;C:\Program Files\JetBrains\IntelliJ IDEA Community Edition 2024.1.4\jbr\bin\server

VM Arguments:
java_command: git4idea.http.GitAskPassApp Username for 'https://github.com': 
java_class_path (initial): C:/Program Files/JetBrains/IntelliJ IDEA Community Edition 2024.1.4/plugins/vcs-git/lib/git4idea-rt.jar;C:/Program Files/JetBrains/IntelliJ IDEA Community Edition 2024.1.4/lib/externalProcess-rt.jar
Launcher Type: SUN_STANDARD

[Global flags]
     intx CICompilerCount                          = 4                                         {product} {ergonomic}
     uint ConcGCThreads                            = 3                                         {product} {ergonomic}
     uint G1ConcRefinementThreads                  = 10                                        {product} {ergonomic}
   size_t G1HeapRegionSize                         = 2097152                                   {product} {ergonomic}
    uintx GCDrainStackTargetSize                   = 64                                        {product} {ergonomic}
   size_t InitialHeapSize                          = 268435456                                 {product} {ergonomic}
   size_t MarkStackSize                            = 4194304                                   {product} {ergonomic}
   size_t MaxHeapSize                              = 4282384384                                {product} {ergonomic}
   size_t MinHeapDeltaBytes                        = 2097152                                   {product} {ergonomic}
   size_t MinHeapSize                              = 8388608                                   {product} {ergonomic}
    uintx NonNMethodCodeHeapSize                   = 5839372                                {pd product} {ergonomic}
    uintx NonProfiledCodeHeapSize                  = 122909434                              {pd product} {ergonomic}
    uintx ProfiledCodeHeapSize                     = 122909434                              {pd product} {ergonomic}
    uintx ReservedCodeCacheSize                    = 251658240                              {pd product} {ergonomic}
     bool SegmentedCodeCache                       = true                                      {product} {ergonomic}
   size_t SoftMaxHeapSize                          = 4282384384                             {manageable} {ergonomic}
     bool UseCompressedClassPointers               = true                           {product lp64_product} {ergonomic}
     bool UseCompressedOops                        = true                           {product lp64_product} {ergonomic}
     bool UseG1GC                                  = true                                      {product} {ergonomic}
     bool UseLargePagesIndividualAllocation        = false                                  {pd product} {ergonomic}

Logging:
Log output configuration:
 #0: stdout all=warning uptime,level,tags
 #1: stderr all=off uptime,level,tags

Environment Variables:
PATH=C:/Program Files/Git/mingw64/libexec/git-core;C:/Program Files/Git/mingw64/libexec/git-core;C:\Program Files\Git\mingw64\bin;C:\Program Files\Git\usr\bin;C:\Users\Stanislav\bin;C:\Program Files\Python312\Scripts\;C:\Program Files\Python312\;C:\Program Files\Common Files\Oracle\Java\javapath;C:\Program Files (x86)\Common Files\Oracle\Java\java8path;C:\Program Files (x86)\Common Files\Oracle\Java\javapath;C:\Program Files\OpenSSH\;C:\WINDOWS\system32;C:\WINDOWS;C:\WINDOWS\System32\Wbem;C:\WINDOWS\System32\WindowsPowerShell\v1.0\;C:\WINDOWS\System32\OpenSSH\;C:\Program Files (x86)\NVIDIA Corporation\PhysX\Common;C:\Program Files\Microsoft SQL Server\150\Tools\Binn\;C:\Program Files\dotnet\;C:\Program Files\nodejs\;C:\Program Files (x86)\GtkSharp\2.12\bin;C:\Program Files\Java\jdk-17\bin;C:\Program Files\Git\cmd;C:\Program Files\NVIDIA Corporation\NVIDIA app\NvDLISR;C:\Users\Stanislav\AppData\Local\Programs\Python\Launcher\;C:\Users\Stanislav\AppData\Local\Microsoft\WindowsApps;C:\Users\Stanislav\AppData\Local\Programs\Microsoft VS Code\bin;C:\Users\Stanislav\.dotnet\tools;C:\Program Files\JetBrains\PyCharm Community Edition 2023.3.4\bin;;C:\Users\Stanislav\AppData\Roaming\npm;C:\Users\Stanislav\AppData\Local\GitHubDesktop\bin;C:\Program Files\JetBrains\IntelliJ IDEA Community Edition 2024.1.4\bin;
USERNAME=Stanislav
DISPLAY=:0.0
LC_ALL=en_US.UTF-8
TERM=xterm-256color
TMPDIR=C:\Users\STANIS~1\AppData\Local\Temp
OS=Windows_NT
PROCESSOR_IDENTIFIER=AMD64 Family 23 Model 8 Stepping 2, AuthenticAMD
TMP=C:\Users\STANIS~1\AppData\Local\Temp
TEMP=C:\Users\STANIS~1\AppData\Local\Temp



Periodic native trim disabled

JNI global refs:
JNI global refs: 0, weak refs: 0

JNI global refs memory usage: 0, weak refs: 0

Process memory usage:
Resident Set Size: 11504K (0% of 16725404K total physical memory with 3471780K free physical memory)

OOME stack traces (most recent first):
Classloader memory used:


---------------  S Y S T E M  ---------------

OS:
 Windows 10 , 64 bit Build 19041 (10.0.19041.5198)
OS uptime: 0 days 10:00 hours

CPU: total 12 (initial active 12) (12 cores per cpu, 2 threads per core) family 23 model 8 stepping 2 microcode 0x0, cx8, cmov, fxsr, ht, mmx, 3dnowpref, sse, sse2, sse3, ssse3, sse4a, sse4.1, sse4.2, popcnt, lzcnt, tsc, tscinvbit, avx, avx2, aes, clmul, bmi1, bmi2, adx, sha, fma, vzeroupper, clflush, clflushopt
Processor Information for all 12 processors :
  Max Mhz: 3400, Current Mhz: 3400, Mhz Limit: 3400

Memory: 4k page, system-wide physical 16333M (3390M free)
TotalPageFile size 19740M (AvailPageFile size 22M)
current process WorkingSet (physical memory assigned to process): 11M, peak: 11M
current process commit charge ("private bytes"): 64M, peak: 320M

vm_info: OpenJDK 64-Bit Server VM (17.0.11+1-b1207.24) for windows-amd64 JRE (17.0.11+1-b1207.24), built on 2024-05-15 by "builduser" with MS VC++ 16.10 / 16.11 (VS2019)

END.
